0 info it worked if it ends with ok
1 verbose cli [ '/usr/bin/node',
1 verbose cli   '/usr/bin/npm',
1 verbose cli   'install',
1 verbose cli   '--save',
1 verbose cli   'loopback',
1 verbose cli   'connector-mysql' ]
2 info using npm@1.4.28
3 info using node@v0.10.38
4 verbose node symlink /usr/bin/node
5 verbose readDependencies using package.json deps
6 verbose cache add [ 'loopback@^2.14.0', null ]
7 verbose cache add name=undefined spec="loopback@^2.14.0" args=["loopback@^2.14.0",null]
8 verbose parsed url { protocol: null,
8 verbose parsed url   slashes: null,
8 verbose parsed url   auth: null,
8 verbose parsed url   host: null,
8 verbose parsed url   port: null,
8 verbose parsed url   hostname: null,
8 verbose parsed url   hash: null,
8 verbose parsed url   search: null,
8 verbose parsed url   query: null,
8 verbose parsed url   pathname: 'loopback@^2.14.0',
8 verbose parsed url   path: 'loopback@^2.14.0',
8 verbose parsed url   href: 'loopback@^2.14.0' }
9 verbose cache add [ 'connector-mysql', null ]
10 verbose cache add name=undefined spec="connector-mysql" args=["connector-mysql",null]
11 verbose parsed url { protocol: null,
11 verbose parsed url   slashes: null,
11 verbose parsed url   auth: null,
11 verbose parsed url   host: null,
11 verbose parsed url   port: null,
11 verbose parsed url   hostname: null,
11 verbose parsed url   hash: null,
11 verbose parsed url   search: null,
11 verbose parsed url   query: null,
11 verbose parsed url   pathname: 'connector-mysql',
11 verbose parsed url   path: 'connector-mysql',
11 verbose parsed url   href: 'connector-mysql' }
12 verbose cache add name="loopback" spec="^2.14.0" args=["loopback","^2.14.0"]
13 verbose parsed url { protocol: null,
13 verbose parsed url   slashes: null,
13 verbose parsed url   auth: null,
13 verbose parsed url   host: null,
13 verbose parsed url   port: null,
13 verbose parsed url   hostname: null,
13 verbose parsed url   hash: null,
13 verbose parsed url   search: null,
13 verbose parsed url   query: null,
13 verbose parsed url   pathname: '^2.14.0',
13 verbose parsed url   path: '^2.14.0',
13 verbose parsed url   href: '^2.14.0' }
14 verbose addNamed [ 'loopback', '^2.14.0' ]
15 verbose addNamed [ null, '>=2.14.0-0 <3.0.0-0' ]
16 silly lockFile 0d458aa0-loopback-2-14-0 loopback@^2.14.0
17 verbose lock loopback@^2.14.0 /home/nevena/.npm/0d458aa0-loopback-2-14-0.lock
18 silly lockFile d79d9ab8-connector-mysql connector-mysql
19 verbose lock connector-mysql /home/nevena/.npm/d79d9ab8-connector-mysql.lock
20 silly addNameRange { name: 'loopback',
20 silly addNameRange   range: '>=2.14.0-0 <3.0.0-0',
20 silly addNameRange   hasData: false }
21 silly lockFile d79d9ab8-connector-mysql connector-mysql
22 silly lockFile d79d9ab8-connector-mysql connector-mysql
23 verbose addNamed [ 'connector-mysql', '' ]
24 verbose addNamed [ null, '*' ]
25 silly lockFile 41d07811-connector-mysql connector-mysql@
26 verbose lock connector-mysql@ /home/nevena/.npm/41d07811-connector-mysql.lock
27 silly addNameRange { name: 'connector-mysql', range: '*', hasData: false }
28 verbose request where is /loopback
29 verbose request registry https://registry.npmjs.org/
30 verbose request id 186c4414acfddb39
31 verbose url raw /loopback
32 verbose url resolving [ 'https://registry.npmjs.org/', './loopback' ]
33 verbose url resolved https://registry.npmjs.org/loopback
34 verbose request where is https://registry.npmjs.org/loopback
35 info trying registry request attempt 1 at 21:15:58
36 verbose etag "1Z60UU03F8IHGWNHOS82L7CUY"
37 http GET https://registry.npmjs.org/loopback
38 verbose request where is /connector-mysql
39 verbose request registry https://registry.npmjs.org/
40 verbose url raw /connector-mysql
41 verbose url resolving [ 'https://registry.npmjs.org/', './connector-mysql' ]
42 verbose url resolved https://registry.npmjs.org/connector-mysql
43 verbose request where is https://registry.npmjs.org/connector-mysql
44 info trying registry request attempt 1 at 21:15:58
45 http GET https://registry.npmjs.org/connector-mysql
46 http 304 https://registry.npmjs.org/loopback
47 silly registry.get cb [ 304,
47 silly registry.get   { date: 'Wed, 10 Jun 2015 19:15:59 GMT',
47 silly registry.get     via: '1.1 varnish',
47 silly registry.get     'cache-control': 'max-age=60',
47 silly registry.get     etag: '"1Z60UU03F8IHGWNHOS82L7CUY"',
47 silly registry.get     age: '0',
47 silly registry.get     connection: 'keep-alive',
47 silly registry.get     'x-served-by': 'cache-fra1227-FRA',
47 silly registry.get     'x-cache': 'HIT',
47 silly registry.get     'x-cache-hits': '1',
47 silly registry.get     'x-timer': 'S1433963759.544745,VS0,VE99',
47 silly registry.get     vary: 'Accept' } ]
48 verbose etag https://registry.npmjs.org/loopback from cache
49 silly addNameRange number 2 { name: 'loopback', range: '>=2.14.0-0 <3.0.0-0', hasData: true }
50 silly addNameRange versions [ 'loopback',
50 silly addNameRange   [ '1.0.0',
50 silly addNameRange     '1.1.0',
50 silly addNameRange     '1.2.0',
50 silly addNameRange     '1.2.1',
50 silly addNameRange     '1.3.0',
50 silly addNameRange     '1.3.1',
50 silly addNameRange     '1.3.2',
50 silly addNameRange     '1.3.3',
50 silly addNameRange     '1.3.4',
50 silly addNameRange     '1.4.0',
50 silly addNameRange     '1.4.1',
50 silly addNameRange     '1.4.2',
50 silly addNameRange     '1.4.3',
50 silly addNameRange     '1.5.0',
50 silly addNameRange     '1.5.1',
50 silly addNameRange     '1.5.2',
50 silly addNameRange     '1.5.3',
50 silly addNameRange     '1.6.0',
50 silly addNameRange     '1.6.1',
50 silly addNameRange     '1.6.2',
50 silly addNameRange     '1.7.0',
50 silly addNameRange     '1.7.1',
50 silly addNameRange     '1.7.2',
50 silly addNameRange     '1.7.3',
50 silly addNameRange     '1.7.4',
50 silly addNameRange     '1.7.5',
50 silly addNameRange     '1.7.6',
50 silly addNameRange     '1.7.7',
50 silly addNameRange     '1.8.0',
50 silly addNameRange     '1.8.1',
50 silly addNameRange     '1.8.2',
50 silly addNameRange     '1.8.3',
50 silly addNameRange     '1.8.4',
50 silly addNameRange     '1.8.5',
50 silly addNameRange     '2.0.0-beta1',
50 silly addNameRange     '2.0.0-beta2',
50 silly addNameRange     '2.0.0-beta3',
50 silly addNameRange     '1.8.6',
50 silly addNameRange     '1.8.8',
50 silly addNameRange     '1.9.0',
50 silly addNameRange     '2.0.0-beta4',
50 silly addNameRange     '1.9.1',
50 silly addNameRange     '2.0.0-beta5',
50 silly addNameRange     '2.0.0-beta6',
50 silly addNameRange     '2.0.0-beta7',
50 silly addNameRange     '1.10.0',
50 silly addNameRange     '2.0.0',
50 silly addNameRange     '2.0.1',
50 silly addNameRange     '2.0.2',
50 silly addNameRange     '2.1.0',
50 silly addNameRange     '2.1.1',
50 silly addNameRange     '2.1.2',
50 silly addNameRange     '2.1.3',
50 silly addNameRange     '2.1.4',
50 silly addNameRange     '2.2.0',
50 silly addNameRange     '2.3.0',
50 silly addNameRange     '2.3.1',
50 silly addNameRange     '2.4.0',
50 silly addNameRange     '2.4.1',
50 silly addNameRange     '2.5.0',
50 silly addNameRange     '2.6.0',
50 silly addNameRange     '2.7.0',
50 silly addNameRange     '2.8.0',
50 silly addNameRange     '2.8.1',
50 silly addNameRange     '2.8.2',
50 silly addNameRange     '2.8.3',
50 silly addNameRange     '2.8.4',
50 silly addNameRange     '2.8.5',
50 silly addNameRange     '2.8.6',
50 silly addNameRange     '2.8.7',
50 silly addNameRange     '2.8.8',
50 silly addNameRange     '2.9.0',
50 silly addNameRange     '2.10.0',
50 silly addNameRange     '2.10.1',
50 silly addNameRange     '2.10.2',
50 silly addNameRange     '2.11.0',
50 silly addNameRange     '2.12.0',
50 silly addNameRange     '2.12.1',
50 silly addNameRange     '2.13.0',
50 silly addNameRange     '2.14.0',
50 silly addNameRange     '2.15.0',
50 silly addNameRange     '2.16.0',
50 silly addNameRange     '2.16.1',
50 silly addNameRange     '2.16.3',
50 silly addNameRange     '2.17.0',
50 silly addNameRange     '2.17.1',
50 silly addNameRange     '2.17.2',
50 silly addNameRange     '2.17.3',
50 silly addNameRange     '2.18.0' ] ]
51 verbose addNamed [ 'loopback', '2.18.0' ]
52 verbose addNamed [ '2.18.0', '2.18.0' ]
53 silly lockFile 01ee120f-loopback-2-18-0 loopback@2.18.0
54 verbose lock loopback@2.18.0 /home/nevena/.npm/01ee120f-loopback-2-18-0.lock
55 silly lockFile 01ee120f-loopback-2-18-0 loopback@2.18.0
56 silly lockFile 01ee120f-loopback-2-18-0 loopback@2.18.0
57 silly lockFile 0d458aa0-loopback-2-14-0 loopback@^2.14.0
58 silly lockFile 0d458aa0-loopback-2-14-0 loopback@^2.14.0
59 http 404 https://registry.npmjs.org/connector-mysql
60 verbose headers { server: 'CouchDB/1.5.0 (Erlang OTP/R16B03)',
60 verbose headers   'content-type': 'application/json',
60 verbose headers   'cache-control': 'max-age=0',
60 verbose headers   'content-length': '51',
60 verbose headers   'accept-ranges': 'bytes',
60 verbose headers   date: 'Wed, 10 Jun 2015 19:16:00 GMT',
60 verbose headers   via: '1.1 varnish',
60 verbose headers   age: '0',
60 verbose headers   connection: 'keep-alive',
60 verbose headers   'x-served-by': 'cache-fra1236-FRA',
60 verbose headers   'x-cache': 'MISS',
60 verbose headers   'x-cache-hits': '0',
60 verbose headers   'x-timer': 'S1433963759.567224,VS0,VE709' }
61 silly registry.get cb [ 404,
61 silly registry.get   { server: 'CouchDB/1.5.0 (Erlang OTP/R16B03)',
61 silly registry.get     'content-type': 'application/json',
61 silly registry.get     'cache-control': 'max-age=0',
61 silly registry.get     'content-length': '51',
61 silly registry.get     'accept-ranges': 'bytes',
61 silly registry.get     date: 'Wed, 10 Jun 2015 19:16:00 GMT',
61 silly registry.get     via: '1.1 varnish',
61 silly registry.get     age: '0',
61 silly registry.get     connection: 'keep-alive',
61 silly registry.get     'x-served-by': 'cache-fra1236-FRA',
61 silly registry.get     'x-cache': 'MISS',
61 silly registry.get     'x-cache-hits': '0',
61 silly registry.get     'x-timer': 'S1433963759.567224,VS0,VE709' } ]
62 silly lockFile 41d07811-connector-mysql connector-mysql@
63 silly lockFile 41d07811-connector-mysql connector-mysql@
64 error 404 404 Not Found: connector-mysql
64 error 404
64 error 404 'connector-mysql' is not in the npm registry.
64 error 404 You should bug the author to publish it
64 error 404 It was specified as a dependency of 'dubrinRegistar'
64 error 404
64 error 404 Note that you can also install from a
64 error 404 tarball, folder, or http url, or git url.
65 error System Linux 3.13.0-32-generic
66 error command "/usr/bin/node" "/usr/bin/npm" "install" "--save" "loopback" "connector-mysql"
67 error cwd /home/nevena/dubrinRegistarLekova
68 error node -v v0.10.38
69 error npm -v 1.4.28
70 error code E404
71 verbose exit [ 1, true ]
